<?xml version="1.0" encoding="UTF-8"?>
<!-- Generated by org.testng.reporters.JUnitXMLReporter -->
<testsuite ignored="3" hostname="LAPTOP-8USUBBG6" failures="0" tests="1" name="Default test" time="12.044" errors="0" timestamp="2024-01-15T21:40:04 IST">
  <testcase classname="testcase.TestReqresApi" name="testCreateUser" time="6.486"/>
  <testcase classname="testcase.TestReqresApi" name="testReqresListUsers" time="0.0">
    <ignored/>
  </testcase> <!-- testReqresListUsers -->
  <testcase classname="testcase.TestReqresApi" name="requresHomePage" time="0.0">
    <ignored/>
  </testcase> <!-- requresHomePage -->
  <testcase classname="testcase.TestReqresApi" name="fetchListUsersUrl" time="0.0">
    <ignored/>
  </testcase> <!-- fetchListUsersUrl -->
</testsuite> <!-- Default test -->
