<?xml version="1.0" encoding="UTF-8"?>
<!-- Generated by org.testng.reporters.JUnitXMLReporter -->
<testsuite ignored="0" hostname="LAPTOP-8USUBBG6" failures="0" tests="4" name="Default test" time="25.546" errors="0" timestamp="2024-01-17T19:10:26 IST">
  <testcase classname="testcase.TestReqresApi" name="requresHomePage" time="3.404"/>
  <testcase classname="testcase.TestReqresApi" name="fetchListUsersUrl" time="2.953"/>
  <testcase classname="testcase.TestReqresApi" name="testReqresListUsers" time="0.987"/>
  <testcase classname="testcase.TestReqresApi" name="testCreateUser" time="4.021"/>
</testsuite> <!-- Default test -->
