<?xml version="1.0" encoding="UTF-8"?>
<!-- Generated by org.testng.reporters.JUnitXMLReporter -->
<testsuite ignored="1" hostname="LAPTOP-8USUBBG6" failures="1" tests="1" name="Test" time="0.047" errors="0" timestamp="2024-01-11T20:26:54 IST">
  <testcase classname="testcase.TestCaseW3school" name="testLaunchHomePage" time="0.01">
    <failure type="java.lang.NullPointerException" message="Cannot invoke &amp;quot;org.openqa.selenium.WebDriver.get(String)&amp;quot; because &amp;quot;testcase.TestCaseW3school.driver&amp;quot; is null">
      <![CDATA[java.lang.NullPointerException: Cannot invoke "org.openqa.selenium.WebDriver.get(String)" because "testcase.TestCaseW3school.driver" is null
at testcase.TestCaseW3school.testLaunchHomePage(TestCaseW3school.java:26)
at java.base/java.util.ArrayList.forEach(ArrayList.java:1511)
... Removed 25 stack frames]]>
    </failure>
  </testcase> <!-- testLaunchHomePage -->
  <testcase classname="testcase.TestCaseW3school" name="test1" time="0.0">
    <ignored/>
  </testcase> <!-- test1 -->
</testsuite> <!-- Test -->
