<?xml version="1.0" encoding="UTF-8"?>
<!-- Generated by org.testng.reporters.JUnitXMLReporter -->
<testsuite ignored="0" hostname="LAPTOP-8USUBBG6" failures="0" tests="10" name="Test" time="60.477" errors="0" timestamp="2024-01-13T22:13:04 IST">
  <testcase classname="testcase.TestCaseW3school" name="testLaunchHomePage" time="1.639"/>
  <testcase classname="testcase.TestCaseW3school" name="testClickJavaTab" time="3.557"/>
  <testcase classname="testcase.TestCaseW3school" name="testClickTutorialLink" time="3.455"/>
  <testcase classname="testcase.TestCaseW3school" name="testCLickHomeCtaOnJavaPage" time="4.809"/>
  <testcase classname="testcase.TestCaseW3school" name="gorestApiGetToken" time="6.58"/>
  <testcase classname="testcase.TestGorestApi" name="testGorestListUsers" time="3.17"/>
  <testcase classname="testcase.TestGorestApi" name="testGorestCreateUser" time="2.171"/>
  <testcase classname="testcase.TestReqresApi" name="requresHomePage" time="6.551"/>
  <testcase classname="testcase.TestReqresApi" name="fetchListUsersUrl" time="3.619"/>
  <testcase classname="testcase.TestReqresApi" name="testReqresListUsers" time="0.174"/>
</testsuite> <!-- Test -->
