<?xml version="1.0" encoding="UTF-8"?>
<!-- Generated by org.testng.reporters.JUnitXMLReporter -->
<testsuite ignored="0" hostname="LAPTOP-8USUBBG6" failures="0" tests="10" name="Test" time="58.258" errors="0" timestamp="2024-01-15T17:31:47 IST">
  <testcase classname="testcase.TestCaseW3school" name="testLaunchHomePage" time="1.789"/>
  <testcase classname="testcase.TestCaseW3school" name="testClickJavaTab" time="4.168"/>
  <testcase classname="testcase.TestCaseW3school" name="testClickTutorialLink" time="3.659"/>
  <testcase classname="testcase.TestCaseW3school" name="testCLickHomeCtaOnJavaPage" time="4.899"/>
  <testcase classname="testcase.TestCaseW3school" name="gorestApiGetToken" time="6.286"/>
  <testcase classname="testcase.TestGorestApi" name="testGorestListUsers" time="2.184"/>
  <testcase classname="testcase.TestGorestApi" name="testGorestCreateUser" time="1.296"/>
  <testcase classname="testcase.TestReqresApi" name="requresHomePage" time="3.75"/>
  <testcase classname="testcase.TestReqresApi" name="fetchListUsersUrl" time="3.639"/>
  <testcase classname="testcase.TestReqresApi" name="testReqresListUsers" time="0.109"/>
</testsuite> <!-- Test -->
