<?xml version="1.0" encoding="UTF-8"?>
<testsuite xmlns:xsi="http://www.w3.org/2001/XMLSchema-instance" xsi:noNamespaceSchemaLocation="https://maven.apache.org/surefire/maven-surefire-plugin/xsd/surefire-test-report-3.0.xsd" version="3.0" name="TestSuite" time="58.65" tests="10" errors="0" skipped="0" failures="0">
  <properties>
[...]
</properties>
  <testcase name="testLaunchHomePage" classname="testcase.TestCaseW3school" time="1.792">
    <system-err><![CDATA[SLF4J: No SLF4J providers were found.
SLF4J: Defaulting to no-operation (NOP) logger implementation
SLF4J: See https://www.slf4j.org/codes.html#noProviders for further details.
Jan 15, 2024 5:30:49 PM org.openqa.selenium.manager.SeleniumManager getDriverPath
INFO: Applicable driver not found; attempting to install with Selenium Manager (Beta)
1705320050439	geckodriver	INFO	Listening on 127.0.0.1:48184
1705320050749	mozrunner::runner	INFO	Running command: "C:\\Program Files\\Mozilla Firefox\\firefox.exe" "--marionette" "--remote-debugging-port" "27031" "--remote ... localhost:27031/,http://[::1]:27031/" "-no-remote" "-profile" "C:\\Users\\Parag\\AppData\\Local\\Temp\\rust_mozprofileJXsM1D"
console.warn: services.settings: Ignoring preference override of remote settings server
console.warn: services.settings: Allow by setting MOZ_REMOTE_SETTINGS_DEVTOOLS=1 in the environment
1705320051143	Marionette	INFO	Marionette enabled
Dynamically enable window occlusion 0
1705320051239	Marionette	INFO	Listening on port 56196
WebDriver BiDi listening on ws://127.0.0.1:27031
Read port: 56196
1705320051400	RemoteAgent	WARN	TLS certificate errors will be ignored for this session
DevTools listening on ws://127.0.0.1:27031/devtools/browser/a46eb55d-b028-456c-87bc-b597e93a08fc
JavaScript warning: https://www.w3schools.com/lib/w3schools_footer.js?update=20230706, line 230: unreachable code after return statement
]]></system-err>
  </testcase>
  <testcase name="testClickJavaTab" classname="testcase.TestCaseW3school" time="4.168">
    <system-out><![CDATA[----->>>> Test Case Pass <<<<<----
]]></system-out>
    <system-err><![CDATA[1705320055347	RemoteAgent	INFO	Perform WebSocket upgrade for incoming connection from 127.0.0.1:56244
1705320055363	CDP	WARN	Invalid browser preferences for CDP. Set "fission.webContentIsolationStrategy"to 0 and "fission.bfcacheInParent" to false before Firefox starts.
1705320055420	Marionette	INFO	Stopped listening on port 56196
Dynamically enable window occlusion 1
1705320056274	geckodriver	INFO	Listening on 127.0.0.1:25596
1705320056298	mozrunner::runner	INFO	Running command: "C:\\Program Files\\Mozilla Firefox\\firefox.exe" "--marionette" "--remote-debugging-port" "41701" "--remote ... localhost:41701/,http://[::1]:41701/" "-no-remote" "-profile" "C:\\Users\\Parag\\AppData\\Local\\Temp\\rust_mozprofilemNP6pc"
console.warn: services.settings: Ignoring preference override of remote settings server
console.warn: services.settings: Allow by setting MOZ_REMOTE_SETTINGS_DEVTOOLS=1 in the environment
1705320056575	Marionette	INFO	Marionette enabled
Dynamically enable window occlusion 0
1705320056664	Marionette	INFO	Listening on port 56261
WebDriver BiDi listening on ws://127.0.0.1:41701
Read port: 56261
1705320056809	RemoteAgent	WARN	TLS certificate errors will be ignored for this session
DevTools listening on ws://127.0.0.1:41701/devtools/browser/01338b4d-0239-460a-8c7a-f40b27307d30
JavaScript warning: https://www.w3schools.com/lib/w3schools_footer.js?update=20230706, line 230: unreachable code after return statement
JavaScript warning: https://www.w3schools.com/lib/w3schools_footer.js?update=20230706, line 230: unreachable code after return statement
]]></system-err>
  </testcase>
  <testcase name="testClickTutorialLink" classname="testcase.TestCaseW3school" time="3.66">
    <system-err><![CDATA[1705320062525	RemoteAgent	INFO	Perform WebSocket upgrade for incoming connection from 127.0.0.1:56369
1705320062527	CDP	WARN	Invalid browser preferences for CDP. Set "fission.webContentIsolationStrategy"to 0 and "fission.bfcacheInParent" to false before Firefox starts.
1705320062531	Marionette	INFO	Stopped listening on port 56261
JavaScript warning: https://securepubads.g.doubleclick.net/pagead/managed/js/gpt/m202401090101/pubads_impl.js?cb=31080366, line 10: Script terminated by timeout at:
_.Ax/<@https://securepubads.g.doubleclick.net/pagead/managed/js/gpt/m202401090101/pubads_impl.js?cb=31080366:10:138302

Dynamically enable window occlusion 1
1705320063380	geckodriver	INFO	Listening on 127.0.0.1:5627
1705320063426	mozrunner::runner	INFO	Running command: "C:\\Program Files\\Mozilla Firefox\\firefox.exe" "--marionette" "--remote-debugging-port" "7777" "--remote- ... //localhost:7777/,http://[::1]:7777/" "-no-remote" "-profile" "C:\\Users\\Parag\\AppData\\Local\\Temp\\rust_mozprofileDvLV7R"
console.warn: services.settings: Ignoring preference override of remote settings server
console.warn: services.settings: Allow by setting MOZ_REMOTE_SETTINGS_DEVTOOLS=1 in the environment
1705320063702	Marionette	INFO	Marionette enabled
Dynamically enable window occlusion 0
1705320063782	Marionette	INFO	Listening on port 56378
WebDriver BiDi listening on ws://127.0.0.1:7777
Read port: 56378
1705320063928	RemoteAgent	WARN	TLS certificate errors will be ignored for this session
DevTools listening on ws://127.0.0.1:7777/devtools/browser/d08989d3-2ea3-4d8e-aea7-f92bb87d2b47
JavaScript warning: https://www.w3schools.com/lib/w3schools_footer.js?update=20230706, line 230: unreachable code after return statement
]]></system-err>
  </testcase>
  <testcase name="testCLickHomeCtaOnJavaPage" classname="testcase.TestCaseW3school" time="4.899">
    <system-err><![CDATA[1705320069153	RemoteAgent	INFO	Perform WebSocket upgrade for incoming connection from 127.0.0.1:56486
1705320069157	CDP	WARN	Invalid browser preferences for CDP. Set "fission.webContentIsolationStrategy"to 0 and "fission.bfcacheInParent" to false before Firefox starts.
1705320069159	Marionette	INFO	Stopped listening on port 56378
JavaScript warning: https://eus.rubiconproject.com/usync.js, line 4: Script terminated by timeout at:
getConsentQS@https://eus.rubiconproject.com/usync.js:4:9794
appendConsentQS@https://eus.rubiconproject.com/usync.js:4:10007
firePixel/<@https://eus.rubiconproject.com/usync.js:4:6654

JavaScript warning: https://script.4dex.io/localstore.js line 1 > Function, line 4: Script terminated by timeout at:
oi/<@https://script.4dex.io/localstore.js line 1 > Function:4:61725

Dynamically enable window occlusion 1
1705320069943	geckodriver	INFO	Listening on 127.0.0.1:13059
1705320069990	mozrunner::runner	INFO	Running command: "C:\\Program Files\\Mozilla Firefox\\firefox.exe" "--marionette" "--remote-debugging-port" "25390" "--remote ... localhost:25390/,http://[::1]:25390/" "-no-remote" "-profile" "C:\\Users\\Parag\\AppData\\Local\\Temp\\rust_mozprofileYCSpYn"
console.warn: services.settings: Ignoring preference override of remote settings server
console.warn: services.settings: Allow by setting MOZ_REMOTE_SETTINGS_DEVTOOLS=1 in the environment
1705320070241	Marionette	INFO	Marionette enabled
Dynamically enable window occlusion 0
1705320070316	Marionette	INFO	Listening on port 56497
WebDriver BiDi listening on ws://127.0.0.1:25390
Read port: 56497
1705320070460	RemoteAgent	WARN	TLS certificate errors will be ignored for this session
DevTools listening on ws://127.0.0.1:25390/devtools/browser/6b8f7c26-a4d1-4358-b1a7-42b5a3de6694
JavaScript warning: https://www.w3schools.com/lib/w3schools_footer.js?update=20230706, line 230: unreachable code after return statement
JavaScript warning: https://www.w3schools.com/lib/w3schools_footer.js?update=20230706, line 230: unreachable code after return statement
JavaScript warning: https://www.w3schools.com/lib/w3schools_footer.js?update=20230706, line 230: unreachable code after return statement
]]></system-err>
  </testcase>
  <testcase name="gorestApiGetToken" classname="testcase.TestCaseW3school" time="6.284">
    <system-err><![CDATA[1705320076730	RemoteAgent	INFO	Perform WebSocket upgrade for incoming connection from 127.0.0.1:56629
1705320076733	CDP	WARN	Invalid browser preferences for CDP. Set "fission.webContentIsolationStrategy"to 0 and "fission.bfcacheInParent" to false before Firefox starts.
1705320076736	Marionette	INFO	Stopped listening on port 56497
JavaScript warning: https://secure.cdn.fastclick.net/js/pubcid/latest/pubcid.min.js, line 4: Script terminated by timeout at:
value/<@https://secure.cdn.fastclick.net/js/pubcid/latest/pubcid.min.js:4:13013

Dynamically enable window occlusion 1
1705320077579	geckodriver	INFO	Listening on 127.0.0.1:39020
1705320077644	mozrunner::runner	INFO	Running command: "C:\\Program Files\\Mozilla Firefox\\firefox.exe" "--marionette" "--remote-debugging-port" "37804" "--remote ... localhost:37804/,http://[::1]:37804/" "-no-remote" "-profile" "C:\\Users\\Parag\\AppData\\Local\\Temp\\rust_mozprofilevXwW0m"
console.warn: services.settings: Ignoring preference override of remote settings server
console.warn: services.settings: Allow by setting MOZ_REMOTE_SETTINGS_DEVTOOLS=1 in the environment
1705320077910	Marionette	INFO	Marionette enabled
Dynamically enable window occlusion 0
1705320077990	Marionette	INFO	Listening on port 56636
WebDriver BiDi listening on ws://127.0.0.1:37804
Read port: 56636
1705320078132	RemoteAgent	WARN	TLS certificate errors will be ignored for this session
DevTools listening on ws://127.0.0.1:37804/devtools/browser/85019009-4e05-409a-93a8-5babcd73315b
]]></system-err>
  </testcase>
  <testcase name="testGorestListUsers" classname="testcase.TestGorestApi" time="2.184">
    <system-out><![CDATA[HTTP/1.1 200 OK
Date: Mon, 15 Jan 2024 12:01:34 GMT
Content-Type: application/json; charset=utf-8
Transfer-Encoding: chunked
Connection: keep-alive
Cache-Control: max-age=0, private, must-revalidate
etag: W/"e7e5d3a86eedb11ba2b8f2d5416b5acf"
referrer-policy: strict-origin-when-cross-origin
vary: Origin
x-content-type-options: nosniff
x-download-options: noopen
x-frame-options: SAMEORIGIN
x-links-current: https://gorest.co.in/public/v2/users?page=1
x-links-next: https://gorest.co.in/public/v2/users?page=2
x-links-previous: 
x-pagination-limit: 10
x-pagination-page: 1
x-pagination-pages: 307
x-pagination-total: 3067
x-permitted-cross-domain-policies: none
x-request-id: 93530caf-c002-4a3b-8d21-8ac0028d51b3
x-runtime: 0.034887
x-xss-protection: 0
CF-Cache-Status: DYNAMIC
Report-To: {"endpoints":[{"url":"https:\/\/a.nel.cloudflare.com\/report\/v3?s=0DD0vS8JyyuSwwrnWNutVCjOlQVyaT8YGx0XZWX49O0S9rzTcZeud4LEAmZrQ7R25XIBWT6Pn2uR1puAHRniMfMqdSVF0qMQPU2%2BcD9lm6NOo5JfdMsEYiIiP0Nbue0%3D"}],"group":"cf-nel","max_age":604800}
NEL: {"success_fraction":0,"report_to":"cf-nel","max_age":604800}
Server: cloudflare
CF-RAY: 845df6fefb211002-MRS
Content-Encoding: gzip
alt-svc: h3=":443"; ma=86400

[
    {
        "id": 5914152,
        "name": "Anshula Joshi",
        "email": "anshula_joshi@dare.test",
        "gender": "male",
        "status": "inactive"
    },
    {
        "id": 5914151,
        "name": "Somu Pillai",
        "email": "somu_pillai@davis.example",
        "gender": "male",
        "status": "active"
    },
    {
        "id": 5914150,
        "name": "Avantika Kaur",
        "email": "avantika_kaur@welch.test",
        "gender": "male",
        "status": "inactive"
    },
    {
        "id": 5914149,
        "name": "Dinesh Mehrotra",
        "email": "dinesh_mehrotra@oconner.example",
        "gender": "male",
        "status": "inactive"
    },
    {
        "id": 5914148,
        "name": "Tanirika Ahluwalia Sr.",
        "email": "sr_ahluwalia_tanirika@rau-williamson.test",
        "gender": "female",
        "status": "active"
    },
    {
        "id": 5914147,
        "name": "Yoginder Dhawan Esq.",
        "email": "yoginder_dhawan_esq@emard-wolf.example",
        "gender": "female",
        "status": "active"
    },
    {
        "id": 5914145,
        "name": "Ms. Agnimitra Varrier",
        "email": "ms_agnimitra_varrier@hermann-kerluke.test",
        "gender": "female",
        "status": "active"
    },
    {
        "id": 5914144,
        "name": "Manikya Asan MD",
        "email": "manikya_asan_md@price.test",
        "gender": "female",
        "status": "inactive"
    },
    {
        "id": 5914142,
        "name": "Prof. Chakrika Embranthiri",
        "email": "chakrika_embranthiri_prof@pfeffer.test",
        "gender": "male",
        "status": "inactive"
    },
    {
        "id": 5914143,
        "name": "Himadri Banerjee",
        "email": "banerjee_himadri@medhurst.test",
        "gender": "male",
        "status": "active"
    }
]
]]></system-out>
    <system-err><![CDATA[1705320085915	RemoteAgent	INFO	Perform WebSocket upgrade for incoming connection from 127.0.0.1:56698
1705320085919	CDP	WARN	Invalid browser preferences for CDP. Set "fission.webContentIsolationStrategy"to 0 and "fission.bfcacheInParent" to false before Firefox starts.
1705320085924	Marionette	INFO	Stopped listening on port 56636
JavaScript warning: https://pagead2.googlesyndication.com/pagead/managed/js/adsense/m202401080101/show_ads_impl_fy2021.js, line 533: Script terminated by timeout at:
NN/<@https://pagead2.googlesyndication.com/pagead/managed/js/adsense/m202401080101/show_ads_impl_fy2021.js:533:354

Dynamically enable window occlusion 1
JavaScript error: , line 0: TypeError: NetworkError when attempting to fetch resource.
JavaScript error: , line 0: TypeError: NetworkError when attempting to fetch resource.
]]></system-err>
  </testcase>
  <testcase name="testGorestCreateUser" classname="testcase.TestGorestApi" time="1.298">
    <system-out><![CDATA[HTTP/1.1 422 Unprocessable Entity
Date: Mon, 15 Jan 2024 12:01:36 GMT
Content-Type: application/json; charset=utf-8
Content-Length: 54
Connection: keep-alive
Cache-Control: no-cache
referrer-policy: strict-origin-when-cross-origin
vary: Origin
x-content-type-options: nosniff
x-download-options: noopen
x-frame-options: SAMEORIGIN
x-permitted-cross-domain-policies: none
x-ratelimit-limit: 90
x-ratelimit-remaining: 89
x-ratelimit-reset: 1
x-request-id: fd86ec64-588c-4af6-af4b-14ff9032c2a6
x-runtime: 0.078982
x-xss-protection: 0
CF-Cache-Status: DYNAMIC
Report-To: {"endpoints":[{"url":"https:\/\/a.nel.cloudflare.com\/report\/v3?s=M4npayjRd0qXx727StO4KETGO%2F8QIB3TT%2B0ECYN79q%2F4dIOdfVsgEi8UFctuT2HqpMVzJpTdjyEBaegNXDLF79J37yjTSu23TPO9lFnSYH8S1bw3BZqEmhFhmI8LTAA%3D"}],"group":"cf-nel","max_age":604800}
NEL: {"success_fraction":0,"report_to":"cf-nel","max_age":604800}
Server: cloudflare
CF-RAY: 845df708ab4ebab1-MXP
alt-svc: h3=":443"; ma=86400

[
    {
        "field": "email",
        "message": "has already been taken"
    }
]
]]></system-out>
  </testcase>
  <testcase name="requresHomePage" classname="testcase.TestReqresApi" time="3.75">
    <system-err><![CDATA[1705320090212	geckodriver	INFO	Listening on 127.0.0.1:4683
1705320090270	mozrunner::runner	INFO	Running command: "C:\\Program Files\\Mozilla Firefox\\firefox.exe" "--marionette" "--remote-debugging-port" "35198" "--remote ... localhost:35198/,http://[::1]:35198/" "-no-remote" "-profile" "C:\\Users\\Parag\\AppData\\Local\\Temp\\rust_mozprofilesuqHsK"
console.warn: services.settings: Ignoring preference override of remote settings server
console.warn: services.settings: Allow by setting MOZ_REMOTE_SETTINGS_DEVTOOLS=1 in the environment
1705320090513	Marionette	INFO	Marionette enabled
Dynamically enable window occlusion 0
1705320090595	Marionette	INFO	Listening on port 56707
WebDriver BiDi listening on ws://127.0.0.1:35198
Read port: 56707
1705320090743	RemoteAgent	WARN	TLS certificate errors will be ignored for this session
DevTools listening on ws://127.0.0.1:35198/devtools/browser/df5cd14a-43ac-4c6d-825c-17cadf0ee090
]]></system-err>
  </testcase>
  <testcase name="fetchListUsersUrl" classname="testcase.TestReqresApi" time="3.639">
    <system-out><![CDATA[/api/users?page=2
]]></system-out>
    <system-err><![CDATA[1705320095878	RemoteAgent	INFO	Perform WebSocket upgrade for incoming connection from 127.0.0.1:56766
1705320095888	CDP	WARN	Invalid browser preferences for CDP. Set "fission.webContentIsolationStrategy"to 0 and "fission.bfcacheInParent" to false before Firefox starts.
1705320095897	Marionette	INFO	Stopped listening on port 56707
Dynamically enable window occlusion 1
1705320096888	geckodriver	INFO	Listening on 127.0.0.1:19654
1705320096925	mozrunner::runner	INFO	Running command: "C:\\Program Files\\Mozilla Firefox\\firefox.exe" "--marionette" "--remote-debugging-port" "41635" "--remote ... localhost:41635/,http://[::1]:41635/" "-no-remote" "-profile" "C:\\Users\\Parag\\AppData\\Local\\Temp\\rust_mozprofileZqIaZU"
console.warn: services.settings: Ignoring preference override of remote settings server
console.warn: services.settings: Allow by setting MOZ_REMOTE_SETTINGS_DEVTOOLS=1 in the environment
1705320097229	Marionette	INFO	Marionette enabled
Dynamically enable window occlusion 0
1705320097300	Marionette	INFO	Listening on port 56776
WebDriver BiDi listening on ws://127.0.0.1:41635
Read port: 56776
1705320097452	RemoteAgent	WARN	TLS certificate errors will be ignored for this session
DevTools listening on ws://127.0.0.1:41635/devtools/browser/361d4419-b9d5-40ea-b920-b15f7d3a3eb9
]]></system-err>
  </testcase>
  <testcase name="testReqresListUsers" classname="testcase.TestReqresApi" time="0.109">
    <system-out><![CDATA[HTTP/1.1 200 OK
Date: Mon, 15 Jan 2024 12:01:52 GMT
Content-Type: application/json; charset=utf-8
Transfer-Encoding: chunked
Connection: keep-alive
Report-To: {"group":"heroku-nel","max_age":3600,"endpoints":[{"url":"https://nel.heroku.com/reports?ts=1704873548&sid=c4c9725f-1ab0-44d8-820f-430df2718e11&s=%2Bj2XJ%2F7RFtzKn7KvrmagjguJe8K6qgykK%2BmU3ercPRQ%3D"}]}
Reporting-Endpoints: heroku-nel=https://nel.heroku.com/reports?ts=1704873548&sid=c4c9725f-1ab0-44d8-820f-430df2718e11&s=%2Bj2XJ%2F7RFtzKn7KvrmagjguJe8K6qgykK%2BmU3ercPRQ%3D
Nel: {"report_to":"heroku-nel","max_age":3600,"success_fraction":0.005,"failure_fraction":0.05,"response_headers":["Via"]}
X-Powered-By: Express
Access-Control-Allow-Origin: *
Etag: W/"406-ut0vzoCuidvyMf8arZpMpJ6ZRDw"
Via: 1.1 vegur
Cache-Control: max-age=14400
CF-Cache-Status: HIT
Age: 6947
Vary: Accept-Encoding
Server: cloudflare
CF-RAY: 845df76c09082144-BBI
Content-Encoding: gzip

{
    "page": 2,
    "per_page": 6,
    "total": 12,
    "total_pages": 2,
    "data": [
        {
            "id": 7,
            "email": "michael.lawson@reqres.in",
            "first_name": "Michael",
            "last_name": "Lawson",
            "avatar": "https://reqres.in/img/faces/7-image.jpg"
        },
        {
            "id": 8,
            "email": "lindsay.ferguson@reqres.in",
            "first_name": "Lindsay",
            "last_name": "Ferguson",
            "avatar": "https://reqres.in/img/faces/8-image.jpg"
        },
        {
            "id": 9,
            "email": "tobias.funke@reqres.in",
            "first_name": "Tobias",
            "last_name": "Funke",
            "avatar": "https://reqres.in/img/faces/9-image.jpg"
        },
        {
            "id": 10,
            "email": "byron.fields@reqres.in",
            "first_name": "Byron",
            "last_name": "Fields",
            "avatar": "https://reqres.in/img/faces/10-image.jpg"
        },
        {
            "id": 11,
            "email": "george.edwards@reqres.in",
            "first_name": "George",
            "last_name": "Edwards",
            "avatar": "https://reqres.in/img/faces/11-image.jpg"
        },
        {
            "id": 12,
            "email": "rachel.howell@reqres.in",
            "first_name": "Rachel",
            "last_name": "Howell",
            "avatar": "https://reqres.in/img/faces/12-image.jpg"
        }
    ],
    "support": {
        "url": "https://reqres.in/#support-heading",
        "text": "To keep ReqRes free, contributions towards server costs are appreciated!"
    }
}
]]></system-out>
    <system-err><![CDATA[1705320102674	RemoteAgent	INFO	Perform WebSocket upgrade for incoming connection from 127.0.0.1:56850
1705320102677	CDP	WARN	Invalid browser preferences for CDP. Set "fission.webContentIsolationStrategy"to 0 and "fission.bfcacheInParent" to false before Firefox starts.
1705320102685	Marionette	INFO	Stopped listening on port 56776
JavaScript warning: https://codesandbox.io/public/14/vs/editor/editor.main.js, line 83: Script terminated by timeout at:
n@https://codesandbox.io/public/14/vs/editor/editor.main.js:83:372
t.createRegExp@https://codesandbox.io/public/14/vs/editor/editor.main.js:85:700
e.prototype.computeOverridePropertyPattern/this.overridePropertyPattern<@https://codesandbox.io/public/14/vs/editor/editor.main.js:1229:911
e.prototype.computeOverridePropertyPattern@https://codesandbox.io/public/14/vs/editor/editor.main.js:1229:886
e.prototype.updateOverridePropertyPatternKey@https://codesandbox.io/public/14/vs/editor/editor.main.js:1229:152
e.prototype.registerOverrideIdentifiers@https://codesandbox.io/public/14/vs/editor/editor.main.js:1226:163
e.prototype._registerLanguages@https://codesandbox.io/public/14/vs/editor/editor.main.js:1278:827
e/<@https://codesandbox.io/public/14/vs/editor/editor.main.js:1278:298
e.prototype.fire@https://codesandbox.io/public/14/vs/editor/editor.main.js:156:218
e.prototype.registerLanguage@https://codesandbox.io/public/14/vs/editor/editor.main.js:1222:207
p@https://codesandbox.io/public/14/vs/editor/editor.main.js:2139:839
n.registerLanguage@https://codesandbox.io/public/14/vs/editor/editor.main.js:2186:491
@https://codesandbox.io/public/14/vs/editor/editor.main.js:2186:20737
t._invokeFactory@https://codesandbox.io/public/14/vs/loader.js:23:71
t.prototype.complete@https://codesandbox.io/public/14/vs/loader.js:23:266
s.prototype._onModuleComplete@https://codesandbox.io/public/14/vs/loader.js:33:419
s.prototype._onModuleComplete@https://codesandbox.io/public/14/vs/loader.js:33:663
s.prototype._onModuleComplete@https://codesandbox.io/public/14/vs/loader.js:33:663
s.prototype._onModuleComplete@https://codesandbox.io/public/14/vs/loader.js:33:663
s.prototype._onModuleComplete@https://codesandbox.io/public/14/vs/loader.js:33:663
s.prototype._onModuleComplete@https://codesandbox.io/public/14/vs/loader.js:33:663
s.prototype._onModuleComplete@https://codesandbox.io/public/14/vs/loader.js:33:663
s.prototype._onModuleComplete@https://codesandbox.io/public/14/vs/loader.js:33:663
s.prototype._onModuleComplete@https://codesandbox.io/public/14/vs/loader.js:33:663
s.prototype._resolve@https://codesandbox.io/public/14/vs/loader.js:32:970
s.prototype.defineModule@https://codesandbox.io/public/14/vs/loader.js:27:424
o@https://codesandbox.io/public/14/vs/loader.js:31:519
e.prototype.load/<@https://codesandbox.io/public/14/vs/editor/editor.main.js:10:563
e.prototype._onLoad@https://codesandbox.io/public/14/vs/editor/editor.main.js:9:422
e.prototype.createLinkTag/t<@https://codesandbox.io/public/14/vs/editor/editor.main.js:9:997
r@https://codesandbox.io/public/14/vs/editor/editor.main.js:9:278

JavaScript warning: https://cdn.carbonads.com/carbon.js?serve=CE7D6K3E&placement=reqresin, line 1: Script terminated by timeout at:
remove@https://cdn.carbonads.com/carbon.js?serve=CE7D6K3E&placement=reqresin:1:12567
refresh@https://cdn.carbonads.com/carbon.js?serve=CE7D6K3E&placement=reqresin:1:12253
timerID<@https://reqres.in/js/app.js:166:67

Dynamically enable window occlusion 1
1705320103580	geckodriver	INFO	Listening on 127.0.0.1:43304
1705320103619	mozrunner::runner	INFO	Running command: "C:\\Program Files\\Mozilla Firefox\\firefox.exe" "--marionette" "--remote-debugging-port" "23037" "--remote ... localhost:23037/,http://[::1]:23037/" "-no-remote" "-profile" "C:\\Users\\Parag\\AppData\\Local\\Temp\\rust_mozprofile9fCS6E"
console.warn: services.settings: Ignoring preference override of remote settings server
console.warn: services.settings: Allow by setting MOZ_REMOTE_SETTINGS_DEVTOOLS=1 in the environment
1705320103902	Marionette	INFO	Marionette enabled
Dynamically enable window occlusion 0
1705320103986	Marionette	INFO	Listening on port 56862
WebDriver BiDi listening on ws://127.0.0.1:23037
Read port: 56862
1705320104143	RemoteAgent	WARN	TLS certificate errors will be ignored for this session
DevTools listening on ws://127.0.0.1:23037/devtools/browser/c30df50f-6699-4fa2-b0c6-faf9f15d9532
]]></system-err>
  </testcase>
</testsuite>