<?xml version="1.0" encoding="UTF-8"?>
<testng-results ignored="0" total="10" passed="10" failed="0" skipped="0">
  <reporter-output>
  </reporter-output>
  <suite started-at="2024-01-13T22:12:03 IST" name="Suite" finished-at="2024-01-13T22:13:04 IST" duration-ms="60477">
    <groups>
      <group name="functional">
        <method signature="TestGorestApi.testGorestCreateUser()[pri:2, instance:testcase.TestGorestApi@54d9d12d]" name="testGorestCreateUser" class="testcase.TestGorestApi"/>
      </group> <!-- functional -->
      <group name="regression">
        <method signature="TestCaseW3school.testLaunchHomePage()[pri:1, instance:testcase.TestCaseW3school@76505305]" name="testLaunchHomePage" class="testcase.TestCaseW3school"/>
        <method signature="TestCaseW3school.testClickJavaTab()[pri:2, instance:testcase.TestCaseW3school@76505305]" name="testClickJavaTab" class="testcase.TestCaseW3school"/>
        <method signature="TestCaseW3school.testClickTutorialLink()[pri:3, instance:testcase.TestCaseW3school@76505305]" name="testClickTutorialLink" class="testcase.TestCaseW3school"/>
      </group> <!-- regression -->
    </groups>
    <test started-at="2024-01-13T22:12:03 IST" name="Test" finished-at="2024-01-13T22:13:04 IST" duration-ms="60477">
      <class name="testcase.TestGorestApi">
        <test-method signature="testGorestListUsers()[pri:1, instance:testcase.TestGorestApi@54d9d12d]" started-at="2024-01-13T22:12:39 IST" name="testGorestListUsers" finished-at="2024-01-13T22:12:42 IST" duration-ms="3170" status="PASS">
          <reporter-output>
          </reporter-output>
        </test-method> <!-- testGorestListUsers -->
        <test-method signature="testGorestCreateUser()[pri:2, instance:testcase.TestGorestApi@54d9d12d]" started-at="2024-01-13T22:12:42 IST" name="testGorestCreateUser" description="create user gorest api" finished-at="2024-01-13T22:12:44 IST" duration-ms="2171" status="PASS">
          <reporter-output>
          </reporter-output>
        </test-method> <!-- testGorestCreateUser -->
      </class> <!-- testcase.TestGorestApi -->
      <class name="testcase.TestCaseW3school">
        <test-method is-config="true" signature="setup()[pri:0, instance:testcase.TestCaseW3school@76505305]" started-at="2024-01-13T22:12:03 IST" name="setup" finished-at="2024-01-13T22:12:07 IST" duration-ms="3403" status="PASS">
          <reporter-output>
          </reporter-output>
        </test-method> <!-- setup -->
        <test-method signature="testLaunchHomePage()[pri:1, instance:testcase.TestCaseW3school@76505305]" started-at="2024-01-13T22:12:07 IST" name="testLaunchHomePage" finished-at="2024-01-13T22:12:08 IST" duration-ms="1639" status="PASS">
          <reporter-output>
          </reporter-output>
        </test-method> <!-- testLaunchHomePage -->
        <test-method is-config="true" signature="tearDownDriver()[pri:0, instance:testcase.TestCaseW3school@76505305]" started-at="2024-01-13T22:12:08 IST" name="tearDownDriver" finished-at="2024-01-13T22:12:09 IST" duration-ms="1109" status="PASS">
          <reporter-output>
          </reporter-output>
        </test-method> <!-- tearDownDriver -->
        <test-method is-config="true" signature="setup()[pri:0, instance:testcase.TestCaseW3school@76505305]" started-at="2024-01-13T22:12:09 IST" name="setup" finished-at="2024-01-13T22:12:11 IST" duration-ms="1913" status="PASS">
          <reporter-output>
          </reporter-output>
        </test-method> <!-- setup -->
        <test-method signature="testClickJavaTab()[pri:2, instance:testcase.TestCaseW3school@76505305]" started-at="2024-01-13T22:12:11 IST" name="testClickJavaTab" finished-at="2024-01-13T22:12:15 IST" duration-ms="3557" status="PASS">
          <reporter-output>
          </reporter-output>
        </test-method> <!-- testClickJavaTab -->
        <test-method is-config="true" signature="tearDownDriver()[pri:0, instance:testcase.TestCaseW3school@76505305]" started-at="2024-01-13T22:12:15 IST" name="tearDownDriver" finished-at="2024-01-13T22:12:16 IST" duration-ms="808" status="PASS">
          <reporter-output>
          </reporter-output>
        </test-method> <!-- tearDownDriver -->
        <test-method is-config="true" signature="setup()[pri:0, instance:testcase.TestCaseW3school@76505305]" started-at="2024-01-13T22:12:16 IST" name="setup" finished-at="2024-01-13T22:12:18 IST" duration-ms="1949" status="PASS">
          <reporter-output>
          </reporter-output>
        </test-method> <!-- setup -->
        <test-method signature="testClickTutorialLink()[pri:3, instance:testcase.TestCaseW3school@76505305]" started-at="2024-01-13T22:12:18 IST" name="testClickTutorialLink" finished-at="2024-01-13T22:12:21 IST" duration-ms="3455" status="PASS">
          <reporter-output>
          </reporter-output>
        </test-method> <!-- testClickTutorialLink -->
        <test-method is-config="true" signature="tearDownDriver()[pri:0, instance:testcase.TestCaseW3school@76505305]" started-at="2024-01-13T22:12:21 IST" name="tearDownDriver" finished-at="2024-01-13T22:12:22 IST" duration-ms="839" status="PASS">
          <reporter-output>
          </reporter-output>
        </test-method> <!-- tearDownDriver -->
        <test-method is-config="true" signature="setup()[pri:0, instance:testcase.TestCaseW3school@76505305]" started-at="2024-01-13T22:12:22 IST" name="setup" finished-at="2024-01-13T22:12:24 IST" duration-ms="1987" status="PASS">
          <reporter-output>
          </reporter-output>
        </test-method> <!-- setup -->
        <test-method signature="testCLickHomeCtaOnJavaPage()[pri:4, instance:testcase.TestCaseW3school@76505305]" started-at="2024-01-13T22:12:24 IST" name="testCLickHomeCtaOnJavaPage" finished-at="2024-01-13T22:12:29 IST" duration-ms="4809" status="PASS">
          <reporter-output>
          </reporter-output>
        </test-method> <!-- testCLickHomeCtaOnJavaPage -->
        <test-method is-config="true" signature="tearDownDriver()[pri:0, instance:testcase.TestCaseW3school@76505305]" started-at="2024-01-13T22:12:29 IST" name="tearDownDriver" finished-at="2024-01-13T22:12:29 IST" duration-ms="768" status="PASS">
          <reporter-output>
          </reporter-output>
        </test-method> <!-- tearDownDriver -->
        <test-method is-config="true" signature="setup()[pri:0, instance:testcase.TestCaseW3school@76505305]" started-at="2024-01-13T22:12:29 IST" name="setup" finished-at="2024-01-13T22:12:31 IST" duration-ms="1927" status="PASS">
          <reporter-output>
          </reporter-output>
        </test-method> <!-- setup -->
        <test-method signature="gorestApiGetToken()[pri:5, instance:testcase.TestCaseW3school@76505305]" started-at="2024-01-13T22:12:31 IST" name="gorestApiGetToken" finished-at="2024-01-13T22:12:38 IST" duration-ms="6580" status="PASS">
          <reporter-output>
          </reporter-output>
        </test-method> <!-- gorestApiGetToken -->
        <test-method is-config="true" signature="tearDownDriver()[pri:0, instance:testcase.TestCaseW3school@76505305]" started-at="2024-01-13T22:12:38 IST" name="tearDownDriver" finished-at="2024-01-13T22:12:39 IST" duration-ms="840" status="PASS">
          <reporter-output>
          </reporter-output>
        </test-method> <!-- tearDownDriver -->
      </class> <!-- testcase.TestCaseW3school -->
      <class name="testcase.TestReqresApi">
        <test-method is-config="true" signature="setup()[pri:0, instance:testcase.TestReqresApi@38425407]" started-at="2024-01-13T22:12:44 IST" name="setup" finished-at="2024-01-13T22:12:46 IST" duration-ms="2019" status="PASS">
          <reporter-output>
          </reporter-output>
        </test-method> <!-- setup -->
        <test-method signature="requresHomePage()[pri:1, instance:testcase.TestReqresApi@38425407]" started-at="2024-01-13T22:12:46 IST" name="requresHomePage" finished-at="2024-01-13T22:12:53 IST" duration-ms="6551" status="PASS">
          <reporter-output>
          </reporter-output>
        </test-method> <!-- requresHomePage -->
        <test-method is-config="true" signature="tearDownDriver()[pri:0, instance:testcase.TestReqresApi@38425407]" started-at="2024-01-13T22:12:53 IST" name="tearDownDriver" finished-at="2024-01-13T22:12:54 IST" duration-ms="799" status="PASS">
          <reporter-output>
          </reporter-output>
        </test-method> <!-- tearDownDriver -->
        <test-method is-config="true" signature="setup()[pri:0, instance:testcase.TestReqresApi@38425407]" started-at="2024-01-13T22:12:54 IST" name="setup" finished-at="2024-01-13T22:12:55 IST" duration-ms="1899" status="PASS">
          <reporter-output>
          </reporter-output>
        </test-method> <!-- setup -->
        <test-method signature="fetchListUsersUrl()[pri:2, instance:testcase.TestReqresApi@38425407]" started-at="2024-01-13T22:12:55 IST" name="fetchListUsersUrl" finished-at="2024-01-13T22:12:59 IST" duration-ms="3619" status="PASS">
          <reporter-output>
          </reporter-output>
        </test-method> <!-- fetchListUsersUrl -->
        <test-method is-config="true" signature="tearDownDriver()[pri:0, instance:testcase.TestReqresApi@38425407]" started-at="2024-01-13T22:12:59 IST" name="tearDownDriver" finished-at="2024-01-13T22:13:00 IST" duration-ms="934" status="PASS">
          <reporter-output>
          </reporter-output>
        </test-method> <!-- tearDownDriver -->
        <test-method is-config="true" signature="setup()[pri:0, instance:testcase.TestReqresApi@38425407]" started-at="2024-01-13T22:13:00 IST" name="setup" finished-at="2024-01-13T22:13:02 IST" duration-ms="1880" status="PASS">
          <reporter-output>
          </reporter-output>
        </test-method> <!-- setup -->
        <test-method signature="testReqresListUsers()[pri:3, instance:testcase.TestReqresApi@38425407]" started-at="2024-01-13T22:13:02 IST" name="testReqresListUsers" finished-at="2024-01-13T22:13:02 IST" duration-ms="174" status="PASS">
          <reporter-output>
          </reporter-output>
        </test-method> <!-- testReqresListUsers -->
        <test-method is-config="true" signature="tearDownDriver()[pri:0, instance:testcase.TestReqresApi@38425407]" started-at="2024-01-13T22:13:02 IST" name="tearDownDriver" finished-at="2024-01-13T22:13:04 IST" duration-ms="1651" status="PASS">
          <reporter-output>
          </reporter-output>
        </test-method> <!-- tearDownDriver -->
      </class> <!-- testcase.TestReqresApi -->
    </test> <!-- Test -->
  </suite> <!-- Suite -->
</testng-results>
