<?xml version="1.0" encoding="UTF-8"?>
<testsuite xmlns:xsi="http://www.w3.org/2001/XMLSchema-instance" xsi:noNamespaceSchemaLocation="https://maven.apache.org/surefire/maven-surefire-plugin/xsd/surefire-test-report-3.0.xsd" version="3.0" name="TestSuite" time="60.809" tests="10" errors="0" skipped="0" failures="0">
  <properties>
[...]
</properties>
  <testcase name="testLaunchHomePage" classname="testcase.TestCaseW3school" time="1.639">
    <system-err><![CDATA[SLF4J: No SLF4J providers were found.
SLF4J: Defaulting to no-operation (NOP) logger implementation
SLF4J: See https://www.slf4j.org/codes.html#noProviders for further details.
Jan 13, 2024 10:12:03 PM org.openqa.selenium.manager.SeleniumManager getDriverPath
INFO: Applicable driver not found; attempting to install with Selenium Manager (Beta)
1705164124768	geckodriver	INFO	Listening on 127.0.0.1:21694
1705164124998	mozrunner::runner	INFO	Running command: "C:\\Program Files\\Mozilla Firefox\\firefox.exe" "--marionette" "--remote-debugging-port" "43792" "--remote ... localhost:43792/,http://[::1]:43792/" "-no-remote" "-profile" "C:\\Users\\Parag\\AppData\\Local\\Temp\\rust_mozprofilexY7CJF"
console.warn: services.settings: Ignoring preference override of remote settings server
console.warn: services.settings: Allow by setting MOZ_REMOTE_SETTINGS_DEVTOOLS=1 in the environment
1705164125238	Marionette	INFO	Marionette enabled
Dynamically enable window occlusion 0
1705164125313	Marionette	INFO	Listening on port 59610
WebDriver BiDi listening on ws://127.0.0.1:43792
Read port: 59610
1705164125462	RemoteAgent	WARN	TLS certificate errors will be ignored for this session
DevTools listening on ws://127.0.0.1:43792/devtools/browser/0ee28116-0000-4a9d-bb90-5e9768df9a07
JavaScript warning: https://www.w3schools.com/lib/w3schools_footer.js?update=20230706, line 230: unreachable code after return statement
]]></system-err>
  </testcase>
  <testcase name="testClickJavaTab" classname="testcase.TestCaseW3school" time="3.558">
    <system-out><![CDATA[----->>>> Test Case Pass <<<<<----
]]></system-out>
    <system-err><![CDATA[1705164128822	RemoteAgent	INFO	Perform WebSocket upgrade for incoming connection from 127.0.0.1:59646
1705164128825	CDP	WARN	Invalid browser preferences for CDP. Set "fission.webContentIsolationStrategy"to 0 and "fission.bfcacheInParent" to false before Firefox starts.
1705164128878	Marionette	INFO	Stopped listening on port 59610
Dynamically enable window occlusion 1
1705164129936	geckodriver	INFO	Listening on 127.0.0.1:25362
1705164129996	mozrunner::runner	INFO	Running command: "C:\\Program Files\\Mozilla Firefox\\firefox.exe" "--marionette" "--remote-debugging-port" "5294" "--remote- ... //localhost:5294/,http://[::1]:5294/" "-no-remote" "-profile" "C:\\Users\\Parag\\AppData\\Local\\Temp\\rust_mozprofile2AtSaD"
console.warn: services.settings: Ignoring preference override of remote settings server
console.warn: services.settings: Allow by setting MOZ_REMOTE_SETTINGS_DEVTOOLS=1 in the environment
1705164130235	Marionette	INFO	Marionette enabled
Dynamically enable window occlusion 0
1705164130305	Marionette	INFO	Listening on port 59669
WebDriver BiDi listening on ws://127.0.0.1:5294
Read port: 59669
1705164130450	RemoteAgent	WARN	TLS certificate errors will be ignored for this session
DevTools listening on ws://127.0.0.1:5294/devtools/browser/1f5db7da-1f27-48be-b8a5-a39504b1046b
JavaScript warning: https://www.w3schools.com/lib/w3schools_footer.js?update=20230706, line 230: unreachable code after return statement
JavaScript warning: https://www.w3schools.com/lib/w3schools_footer.js?update=20230706, line 230: unreachable code after return statement
]]></system-err>
  </testcase>
  <testcase name="testClickTutorialLink" classname="testcase.TestCaseW3school" time="3.456">
    <system-err><![CDATA[1705164135366	RemoteAgent	INFO	Perform WebSocket upgrade for incoming connection from 127.0.0.1:59774
1705164135367	CDP	WARN	Invalid browser preferences for CDP. Set "fission.webContentIsolationStrategy"to 0 and "fission.bfcacheInParent" to false before Firefox starts.
1705164135371	Marionette	INFO	Stopped listening on port 59669
Dynamically enable window occlusion 1
1705164136203	geckodriver	INFO	Listening on 127.0.0.1:11117
1705164136263	mozrunner::runner	INFO	Running command: "C:\\Program Files\\Mozilla Firefox\\firefox.exe" "--marionette" "--remote-debugging-port" "11771" "--remote ... localhost:11771/,http://[::1]:11771/" "-no-remote" "-profile" "C:\\Users\\Parag\\AppData\\Local\\Temp\\rust_mozprofileOzbpQf"
console.warn: services.settings: Ignoring preference override of remote settings server
console.warn: services.settings: Allow by setting MOZ_REMOTE_SETTINGS_DEVTOOLS=1 in the environment
1705164136534	Marionette	INFO	Marionette enabled
Dynamically enable window occlusion 0
1705164136608	Marionette	INFO	Listening on port 59788
WebDriver BiDi listening on ws://127.0.0.1:11771
Read port: 59788
1705164136750	RemoteAgent	WARN	TLS certificate errors will be ignored for this session
DevTools listening on ws://127.0.0.1:11771/devtools/browser/82b68096-d524-44c4-834d-c6916fc5e112
JavaScript warning: https://www.w3schools.com/lib/w3schools_footer.js?update=20230706, line 230: unreachable code after return statement
]]></system-err>
  </testcase>
  <testcase name="testCLickHomeCtaOnJavaPage" classname="testcase.TestCaseW3school" time="4.811">
    <system-err><![CDATA[1705164141585	RemoteAgent	INFO	Perform WebSocket upgrade for incoming connection from 127.0.0.1:59916
1705164141592	CDP	WARN	Invalid browser preferences for CDP. Set "fission.webContentIsolationStrategy"to 0 and "fission.bfcacheInParent" to false before Firefox starts.
1705164141597	Marionette	INFO	Stopped listening on port 59788
Dynamically enable window occlusion 1
1705164142463	geckodriver	INFO	Listening on 127.0.0.1:26482
1705164142508	mozrunner::runner	INFO	Running command: "C:\\Program Files\\Mozilla Firefox\\firefox.exe" "--marionette" "--remote-debugging-port" "13578" "--remote ... localhost:13578/,http://[::1]:13578/" "-no-remote" "-profile" "C:\\Users\\Parag\\AppData\\Local\\Temp\\rust_mozprofileRwm1CE"
console.warn: services.settings: Ignoring preference override of remote settings server
console.warn: services.settings: Allow by setting MOZ_REMOTE_SETTINGS_DEVTOOLS=1 in the environment
1705164142747	Marionette	INFO	Marionette enabled
Dynamically enable window occlusion 0
1705164142829	Marionette	INFO	Listening on port 59933
WebDriver BiDi listening on ws://127.0.0.1:13578
Read port: 59933
1705164142966	RemoteAgent	WARN	TLS certificate errors will be ignored for this session
DevTools listening on ws://127.0.0.1:13578/devtools/browser/8eabbda3-1c59-45f4-a74b-e11eab7ecda5
JavaScript warning: https://www.w3schools.com/lib/w3schools_footer.js?update=20230706, line 230: unreachable code after return statement
JavaScript warning: https://www.w3schools.com/lib/w3schools_footer.js?update=20230706, line 230: unreachable code after return statement
JavaScript warning: https://www.w3schools.com/lib/w3schools_footer.js?update=20230706, line 230: unreachable code after return statement
]]></system-err>
  </testcase>
  <testcase name="gorestApiGetToken" classname="testcase.TestCaseW3school" time="6.58">
    <system-err><![CDATA[1705164149220	RemoteAgent	INFO	Perform WebSocket upgrade for incoming connection from 127.0.0.1:60078
1705164149223	CDP	WARN	Invalid browser preferences for CDP. Set "fission.webContentIsolationStrategy"to 0 and "fission.bfcacheInParent" to false before Firefox starts.
1705164149227	Marionette	INFO	Stopped listening on port 59933
JavaScript warning: https://secure.cdn.fastclick.net/js/pubcid/latest/pubcid.min.js, line 4: Script terminated by timeout at:
value/<@https://secure.cdn.fastclick.net/js/pubcid/latest/pubcid.min.js:4:13013

Dynamically enable window occlusion 1
1705164150020	geckodriver	INFO	Listening on 127.0.0.1:27593
1705164150076	mozrunner::runner	INFO	Running command: "C:\\Program Files\\Mozilla Firefox\\firefox.exe" "--marionette" "--remote-debugging-port" "18824" "--remote ... localhost:18824/,http://[::1]:18824/" "-no-remote" "-profile" "C:\\Users\\Parag\\AppData\\Local\\Temp\\rust_mozprofileYXbLAP"
console.warn: services.settings: Ignoring preference override of remote settings server
console.warn: services.settings: Allow by setting MOZ_REMOTE_SETTINGS_DEVTOOLS=1 in the environment
1705164150316	Marionette	INFO	Marionette enabled
Dynamically enable window occlusion 0
1705164150390	Marionette	INFO	Listening on port 60086
WebDriver BiDi listening on ws://127.0.0.1:18824
Read port: 60086
1705164150525	RemoteAgent	WARN	TLS certificate errors will be ignored for this session
DevTools listening on ws://127.0.0.1:18824/devtools/browser/dc6a475f-8b74-4c29-8156-8c17c847c43a
]]></system-err>
  </testcase>
  <testcase name="testGorestListUsers" classname="testcase.TestGorestApi" time="3.17">
    <system-out><![CDATA[HTTP/1.1 200 OK
Date: Sat, 13 Jan 2024 16:42:45 GMT
Content-Type: application/json; charset=utf-8
Transfer-Encoding: chunked
Connection: keep-alive
Cache-Control: max-age=0, private, must-revalidate
etag: W/"54f3c549185105cd7b4ad6c5dff4db68"
referrer-policy: strict-origin-when-cross-origin
vary: Origin
x-content-type-options: nosniff
x-download-options: noopen
x-frame-options: SAMEORIGIN
x-links-current: https://gorest.co.in/public/v2/users?page=1
x-links-next: https://gorest.co.in/public/v2/users?page=2
x-links-previous: 
x-pagination-limit: 10
x-pagination-page: 1
x-pagination-pages: 312
x-pagination-total: 3116
x-permitted-cross-domain-policies: none
x-request-id: 2f2670cf-286d-4c43-b15a-b4d8f2bfc691
x-runtime: 0.054431
x-xss-protection: 0
CF-Cache-Status: DYNAMIC
Report-To: {"endpoints":[{"url":"https:\/\/a.nel.cloudflare.com\/report\/v3?s=tmcyI6b21UdwL%2FLv4%2BIYrMUH5u%2Fft7U3tywHOYqQ6NsjjJSS2nVjhN8t3YwQ6ZfcfyTb1KdN6CCOZHslZkyJpto5HsnUjBGobJ3ws52hrMfBElu%2B9QNm7ZC2oyjLNcM%3D"}],"group":"cf-nel","max_age":604800}
NEL: {"success_fraction":0,"report_to":"cf-nel","max_age":604800}
Server: cloudflare
CF-RAY: 844f181e6c69025b-CDG
Content-Encoding: gzip
alt-svc: h3=":443"; ma=86400

[
    {
        "id": 5914180,
        "name": "Ojaswini Mukhopadhyay",
        "email": "mukhopadhyay_ojaswini@fahey-goodwin.example",
        "gender": "male",
        "status": "active"
    },
    {
        "id": 5914179,
        "name": "Gopal Dutta",
        "email": "gopal_dutta@gleichner-collins.example",
        "gender": "male",
        "status": "active"
    },
    {
        "id": 5914177,
        "name": "Brahmdev Jha",
        "email": "brahmdev_jha@gerhold.example",
        "gender": "male",
        "status": "active"
    },
    {
        "id": 5914176,
        "name": "Ajeet Patel Jr.",
        "email": "ajeet_jr_patel@schultz.example",
        "gender": "male",
        "status": "inactive"
    },
    {
        "id": 5914175,
        "name": "Enakshi Somayaji",
        "email": "enakshi_somayaji@hickle.test",
        "gender": "female",
        "status": "active"
    },
    {
        "id": 5914174,
        "name": "Bhaanumati Nambeesan",
        "email": "nambeesan_bhaanumati@leffler.test",
        "gender": "female",
        "status": "active"
    },
    {
        "id": 5914172,
        "name": "Mr. Mandakini Marar",
        "email": "mr_mandakini_marar@cassin-casper.example",
        "gender": "female",
        "status": "inactive"
    },
    {
        "id": 5914171,
        "name": "Miss Ayushmati Adiga",
        "email": "adiga_miss_ayushmati@lubowitz.example",
        "gender": "male",
        "status": "active"
    },
    {
        "id": 5914170,
        "name": "Rep. Swami Namboothiri",
        "email": "rep_namboothiri_swami@ohara-erdman.test",
        "gender": "male",
        "status": "inactive"
    },
    {
        "id": 5914168,
        "name": "Kanaka Butt",
        "email": "butt_kanaka@kuphal-jacobi.example",
        "gender": "female",
        "status": "inactive"
    }
]
]]></system-out>
    <system-err><![CDATA[1705164158494	RemoteAgent	INFO	Perform WebSocket upgrade for incoming connection from 127.0.0.1:60162
1705164158499	CDP	WARN	Invalid browser preferences for CDP. Set "fission.webContentIsolationStrategy"to 0 and "fission.bfcacheInParent" to false before Firefox starts.
1705164158504	Marionette	INFO	Stopped listening on port 60086
JavaScript warning: https://pagead2.googlesyndication.com/pagead/managed/js/adsense/m202401080101/show_ads_impl_fy2021.js, line 533: Script terminated by timeout at:
NN/<@https://pagead2.googlesyndication.com/pagead/managed/js/adsense/m202401080101/show_ads_impl_fy2021.js:533:354

Dynamically enable window occlusion 1
JavaScript error: , line 0: TypeError: NetworkError when attempting to fetch resource.
JavaScript error: , line 0: TypeError: NetworkError when attempting to fetch resource.
]]></system-err>
  </testcase>
  <testcase name="testGorestCreateUser" classname="testcase.TestGorestApi" time="2.186">
    <system-out><![CDATA[HTTP/1.1 422 Unprocessable Entity
Date: Sat, 13 Jan 2024 16:42:47 GMT
Content-Type: application/json; charset=utf-8
Content-Length: 54
Connection: keep-alive
Cache-Control: no-cache
referrer-policy: strict-origin-when-cross-origin
vary: Origin
x-content-type-options: nosniff
x-download-options: noopen
x-frame-options: SAMEORIGIN
x-permitted-cross-domain-policies: none
x-ratelimit-limit: 90
x-ratelimit-remaining: 89
x-ratelimit-reset: 1
x-request-id: 58a548ac-b658-4d06-bd13-d1bb3193a7ff
x-runtime: 0.105602
x-xss-protection: 0
CF-Cache-Status: DYNAMIC
Report-To: {"endpoints":[{"url":"https:\/\/a.nel.cloudflare.com\/report\/v3?s=IJ3SsLf3ou1pQUW7xOEoWHMSXR%2Fm0%2Fs5lpokQVre9Da7UULfhr4DmsAnsosu4p%2BkJ72FQhUnu%2FYeqrtMMBx%2BweIHIzLT6xsTajBiB0gDi7uCNQMz01Br%2BeLw3QCIlUM%3D"}],"group":"cf-nel","max_age":604800}
NEL: {"success_fraction":0,"report_to":"cf-nel","max_age":604800}
Server: cloudflare
CF-RAY: 844f182e2be2babb-MXP
alt-svc: h3=":443"; ma=86400

[
    {
        "field": "email",
        "message": "has already been taken"
    }
]
]]></system-out>
  </testcase>
  <testcase name="requresHomePage" classname="testcase.TestReqresApi" time="6.555">
    <system-err><![CDATA[1705164164714	geckodriver	INFO	Listening on 127.0.0.1:2709
1705164164771	mozrunner::runner	INFO	Running command: "C:\\Program Files\\Mozilla Firefox\\firefox.exe" "--marionette" "--remote-debugging-port" "17776" "--remote ... localhost:17776/,http://[::1]:17776/" "-no-remote" "-profile" "C:\\Users\\Parag\\AppData\\Local\\Temp\\rust_mozprofile6TZWqx"
console.warn: services.settings: Ignoring preference override of remote settings server
console.warn: services.settings: Allow by setting MOZ_REMOTE_SETTINGS_DEVTOOLS=1 in the environment
1705164164995	Marionette	INFO	Marionette enabled
Dynamically enable window occlusion 0
1705164165069	Marionette	INFO	Listening on port 60173
WebDriver BiDi listening on ws://127.0.0.1:17776
Read port: 60173
1705164165191	RemoteAgent	WARN	TLS certificate errors will be ignored for this session
DevTools listening on ws://127.0.0.1:17776/devtools/browser/45ff8553-6719-4acd-b855-6f997653ae2f
]]></system-err>
  </testcase>
  <testcase name="fetchListUsersUrl" classname="testcase.TestReqresApi" time="3.623">
    <system-out><![CDATA[/api/users?page=2
]]></system-out>
    <system-err><![CDATA[1705164173249	RemoteAgent	INFO	Perform WebSocket upgrade for incoming connection from 127.0.0.1:60249
1705164173251	CDP	WARN	Invalid browser preferences for CDP. Set "fission.webContentIsolationStrategy"to 0 and "fission.bfcacheInParent" to false before Firefox starts.
1705164173257	Marionette	INFO	Stopped listening on port 60173
Dynamically enable window occlusion 1
1705164174066	geckodriver	INFO	Listening on 127.0.0.1:37029
1705164174127	mozrunner::runner	INFO	Running command: "C:\\Program Files\\Mozilla Firefox\\firefox.exe" "--marionette" "--remote-debugging-port" "22198" "--remote ... localhost:22198/,http://[::1]:22198/" "-no-remote" "-profile" "C:\\Users\\Parag\\AppData\\Local\\Temp\\rust_mozprofileAB4KsA"
console.warn: services.settings: Ignoring preference override of remote settings server
console.warn: services.settings: Allow by setting MOZ_REMOTE_SETTINGS_DEVTOOLS=1 in the environment
1705164174373	Marionette	INFO	Marionette enabled
Dynamically enable window occlusion 0
1705164174449	Marionette	INFO	Listening on port 60261
WebDriver BiDi listening on ws://127.0.0.1:22198
Read port: 60261
1705164174589	RemoteAgent	WARN	TLS certificate errors will be ignored for this session
DevTools listening on ws://127.0.0.1:22198/devtools/browser/1505106a-fb6e-45a6-91d9-c343a0236ca3
]]></system-err>
  </testcase>
  <testcase name="testReqresListUsers" classname="testcase.TestReqresApi" time="0.19">
    <system-out><![CDATA[HTTP/1.1 200 OK
Date: Sat, 13 Jan 2024 16:43:05 GMT
Content-Type: application/json; charset=utf-8
Transfer-Encoding: chunked
Connection: keep-alive
Report-To: {"group":"heroku-nel","max_age":3600,"endpoints":[{"url":"https://nel.heroku.com/reports?ts=1704873548&sid=c4c9725f-1ab0-44d8-820f-430df2718e11&s=%2Bj2XJ%2F7RFtzKn7KvrmagjguJe8K6qgykK%2BmU3ercPRQ%3D"}]}
Reporting-Endpoints: heroku-nel=https://nel.heroku.com/reports?ts=1704873548&sid=c4c9725f-1ab0-44d8-820f-430df2718e11&s=%2Bj2XJ%2F7RFtzKn7KvrmagjguJe8K6qgykK%2BmU3ercPRQ%3D
Nel: {"report_to":"heroku-nel","max_age":3600,"success_fraction":0.005,"failure_fraction":0.05,"response_headers":["Via"]}
X-Powered-By: Express
Access-Control-Allow-Origin: *
Etag: W/"406-ut0vzoCuidvyMf8arZpMpJ6ZRDw"
Via: 1.1 vegur
Cache-Control: max-age=14400
CF-Cache-Status: HIT
Age: 4258
Vary: Accept-Encoding
Server: cloudflare
CF-RAY: 844f18a03e7693b6-BBI
Content-Encoding: gzip

{
    "page": 2,
    "per_page": 6,
    "total": 12,
    "total_pages": 2,
    "data": [
        {
            "id": 7,
            "email": "michael.lawson@reqres.in",
            "first_name": "Michael",
            "last_name": "Lawson",
            "avatar": "https://reqres.in/img/faces/7-image.jpg"
        },
        {
            "id": 8,
            "email": "lindsay.ferguson@reqres.in",
            "first_name": "Lindsay",
            "last_name": "Ferguson",
            "avatar": "https://reqres.in/img/faces/8-image.jpg"
        },
        {
            "id": 9,
            "email": "tobias.funke@reqres.in",
            "first_name": "Tobias",
            "last_name": "Funke",
            "avatar": "https://reqres.in/img/faces/9-image.jpg"
        },
        {
            "id": 10,
            "email": "byron.fields@reqres.in",
            "first_name": "Byron",
            "last_name": "Fields",
            "avatar": "https://reqres.in/img/faces/10-image.jpg"
        },
        {
            "id": 11,
            "email": "george.edwards@reqres.in",
            "first_name": "George",
            "last_name": "Edwards",
            "avatar": "https://reqres.in/img/faces/11-image.jpg"
        },
        {
            "id": 12,
            "email": "rachel.howell@reqres.in",
            "first_name": "Rachel",
            "last_name": "Howell",
            "avatar": "https://reqres.in/img/faces/12-image.jpg"
        }
    ],
    "support": {
        "url": "https://reqres.in/#support-heading",
        "text": "To keep ReqRes free, contributions towards server costs are appreciated!"
    }
}
]]></system-out>
    <system-err><![CDATA[1705164179573	RemoteAgent	INFO	Perform WebSocket upgrade for incoming connection from 127.0.0.1:60330
1705164179577	CDP	WARN	Invalid browser preferences for CDP. Set "fission.webContentIsolationStrategy"to 0 and "fission.bfcacheInParent" to false before Firefox starts.
1705164179588	Marionette	INFO	Stopped listening on port 60261
JavaScript warning: https://codesandbox.io/public/14/vs/editor/editor.main.js, line 97: Script terminated by timeout at:
t.create@https://codesandbox.io/public/14/vs/editor/editor.main.js:97:295
e.prototype._createInstance@https://codesandbox.io/public/14/vs/editor/editor.main.js:1189:215
e.prototype.createInstance@https://codesandbox.io/public/14/vs/editor/editor.main.js:1188:561
e@https://codesandbox.io/public/14/vs/editor/editor.main.js:1856:206
t.create@https://codesandbox.io/public/14/vs/editor/editor.main.js:97:380
e.prototype._createInstance@https://codesandbox.io/public/14/vs/editor/editor.main.js:1189:215
e.prototype.createInstance@https://codesandbox.io/public/14/vs/editor/editor.main.js:1188:561
t@https://codesandbox.io/public/14/vs/editor/editor.main.js:1648:910
t@https://codesandbox.io/public/14/vs/editor/editor.main.js:2125:289
t@https://codesandbox.io/public/14/vs/editor/editor.main.js:2127:566
T/<@https://codesandbox.io/public/14/vs/editor/editor.main.js:2135:8
N@https://codesandbox.io/public/14/vs/editor/editor.main.js:2134:773
T@https://codesandbox.io/public/14/vs/editor/editor.main.js:2134:829
./src/embed/components/Content/Monaco/MonacoReactComponent.js/u/<@https://codesandbox.io/static/js/embed.2b652ef43.js:100:20283
./src/embed/components/Content/Monaco/MonacoReactComponent.js/u/</<@https://codesandbox.io/static/js/embed.2b652ef43.js:100:19269
./src/app/overmind/effects/vscode/vscode-script-loader.ts/</t.default/</c/</<@https://codesandbox.io/static/js/default~app~embed.dee371ba3.chunk.js:603:125266
t._invokeFactory@https://codesandbox.io/public/14/vs/loader.js:23:71
t.prototype.complete@https://codesandbox.io/public/14/vs/loader.js:23:266
s.prototype._onModuleComplete@https://codesandbox.io/public/14/vs/loader.js:33:419
s.prototype._resolve@https://codesandbox.io/public/14/vs/loader.js:32:970
s.prototype.defineModule@https://codesandbox.io/public/14/vs/loader.js:27:424
s@https://codesandbox.io/public/14/vs/loader.js:35:4
./src/app/overmind/effects/vscode/vscode-script-loader.ts/</t.default/</c/<@https://codesandbox.io/static/js/default~app~embed.dee371ba3.chunk.js:603:125207
t._invokeFactory@https://codesandbox.io/public/14/vs/loader.js:23:71
t.prototype.complete@https://codesandbox.io/public/14/vs/loader.js:23:266
s.prototype._onModuleComplete@https://codesandbox.io/public/14/vs/loader.js:33:419
s.prototype._onModuleComplete@https://codesandbox.io/public/14/vs/loader.js:33:663
s.prototype._onModuleComplete@https://codesandbox.io/public/14/vs/loader.js:33:663
s.prototype._onModuleComplete@https://codesandbox.io/public/14/vs/loader.js:33:663
s.prototype._onModuleComplete@https://codesandbox.io/public/14/vs/loader.js:33:663
s.prototype._onModuleComplete@https://codesandbox.io/public/14/vs/loader.js:33:663
s.prototype._onModuleComplete@https://codesandbox.io/public/14/vs/loader.js:33:663
s.prototype._onModuleComplete@https://codesandbox.io/public/14/vs/loader.js:33:663
s.prototype._onModuleComplete@https://codesandbox.io/public/14/vs/loader.js:33:663
s.prototype._onModuleComplete@https://codesandbox.io/public/14/vs/loader.js:33:663
s.prototype._resolve@https://codesandbox.io/public/14/vs/loader.js:32:970
s.prototype.defineModule@https://codesandbox.io/public/14/vs/loader.js:27:424
o@https://codesandbox.io/public/14/vs/loader.js:31:519
e.prototype.load/<@https://codesandbox.io/public/14/vs/editor/editor.main.js:10:563
e.prototype._onLoad@https://codesandbox.io/public/14/vs/editor/editor.main.js:9:422
e.prototype.createLinkTag/t<@https://codesandbox.io/public/14/vs/editor/editor.main.js:9:997
r@https://codesandbox.io/public/14/vs/editor/editor.main.js:9:278

JavaScript warning: https://cdn.carbonads.com/carbon.js?serve=CE7D6K3E&placement=reqresin, line 1: Script terminated by timeout at:
remove@https://cdn.carbonads.com/carbon.js?serve=CE7D6K3E&placement=reqresin:1:12567
refresh@https://cdn.carbonads.com/carbon.js?serve=CE7D6K3E&placement=reqresin:1:12253
timerID<@https://reqres.in/js/app.js:166:67

Dynamically enable window occlusion 1
1705164180524	geckodriver	INFO	Listening on 127.0.0.1:30800
1705164180574	mozrunner::runner	INFO	Running command: "C:\\Program Files\\Mozilla Firefox\\firefox.exe" "--marionette" "--remote-debugging-port" "19525" "--remote ... localhost:19525/,http://[::1]:19525/" "-no-remote" "-profile" "C:\\Users\\Parag\\AppData\\Local\\Temp\\rust_mozprofileJu8QNu"
console.warn: services.settings: Ignoring preference override of remote settings server
console.warn: services.settings: Allow by setting MOZ_REMOTE_SETTINGS_DEVTOOLS=1 in the environment
1705164180813	Marionette	INFO	Marionette enabled
Dynamically enable window occlusion 0
1705164180894	Marionette	INFO	Listening on port 60338
WebDriver BiDi listening on ws://127.0.0.1:19525
Read port: 60338
1705164181035	RemoteAgent	WARN	TLS certificate errors will be ignored for this session
DevTools listening on ws://127.0.0.1:19525/devtools/browser/70f35cb5-97a4-4c7f-b53a-13b655cd1b7c
]]></system-err>
  </testcase>
</testsuite>