<?xml version="1.0" encoding="UTF-8"?>
<testng-results ignored="0" total="10" passed="10" failed="0" skipped="0">
  <reporter-output>
  </reporter-output>
  <suite started-at="2024-01-15T17:30:49 IST" name="Suite" finished-at="2024-01-15T17:31:47 IST" duration-ms="58258">
    <groups>
      <group name="functional">
        <method signature="TestGorestApi.testGorestCreateUser()[pri:2, instance:testcase.TestGorestApi@54d9d12d]" name="testGorestCreateUser" class="testcase.TestGorestApi"/>
      </group> <!-- functional -->
      <group name="regression">
        <method signature="TestCaseW3school.testLaunchHomePage()[pri:1, instance:testcase.TestCaseW3school@76505305]" name="testLaunchHomePage" class="testcase.TestCaseW3school"/>
        <method signature="TestCaseW3school.testClickJavaTab()[pri:2, instance:testcase.TestCaseW3school@76505305]" name="testClickJavaTab" class="testcase.TestCaseW3school"/>
        <method signature="TestCaseW3school.testClickTutorialLink()[pri:3, instance:testcase.TestCaseW3school@76505305]" name="testClickTutorialLink" class="testcase.TestCaseW3school"/>
      </group> <!-- regression -->
    </groups>
    <test started-at="2024-01-15T17:30:49 IST" name="Test" finished-at="2024-01-15T17:31:47 IST" duration-ms="58258">
      <class name="testcase.TestGorestApi">
        <test-method signature="testGorestListUsers()[pri:1, instance:testcase.TestGorestApi@54d9d12d]" started-at="2024-01-15T17:31:26 IST" name="testGorestListUsers" finished-at="2024-01-15T17:31:28 IST" duration-ms="2184" status="PASS">
          <reporter-output>
          </reporter-output>
        </test-method> <!-- testGorestListUsers -->
        <test-method signature="testGorestCreateUser()[pri:2, instance:testcase.TestGorestApi@54d9d12d]" started-at="2024-01-15T17:31:28 IST" name="testGorestCreateUser" description="create user gorest api" finished-at="2024-01-15T17:31:30 IST" duration-ms="1296" status="PASS">
          <reporter-output>
          </reporter-output>
        </test-method> <!-- testGorestCreateUser -->
      </class> <!-- testcase.TestGorestApi -->
      <class name="testcase.TestCaseW3school">
        <test-method is-config="true" signature="setup()[pri:0, instance:testcase.TestCaseW3school@76505305]" started-at="2024-01-15T17:30:49 IST" name="setup" finished-at="2024-01-15T17:30:53 IST" duration-ms="4298" status="PASS">
          <reporter-output>
          </reporter-output>
        </test-method> <!-- setup -->
        <test-method signature="testLaunchHomePage()[pri:1, instance:testcase.TestCaseW3school@76505305]" started-at="2024-01-15T17:30:53 IST" name="testLaunchHomePage" finished-at="2024-01-15T17:30:55 IST" duration-ms="1789" status="PASS">
          <reporter-output>
          </reporter-output>
        </test-method> <!-- testLaunchHomePage -->
        <test-method is-config="true" signature="tearDownDriver()[pri:0, instance:testcase.TestCaseW3school@76505305]" started-at="2024-01-15T17:30:55 IST" name="tearDownDriver" finished-at="2024-01-15T17:30:56 IST" duration-ms="904" status="PASS">
          <reporter-output>
          </reporter-output>
        </test-method> <!-- tearDownDriver -->
        <test-method is-config="true" signature="setup()[pri:0, instance:testcase.TestCaseW3school@76505305]" started-at="2024-01-15T17:30:56 IST" name="setup" finished-at="2024-01-15T17:30:58 IST" duration-ms="2124" status="PASS">
          <reporter-output>
          </reporter-output>
        </test-method> <!-- setup -->
        <test-method signature="testClickJavaTab()[pri:2, instance:testcase.TestCaseW3school@76505305]" started-at="2024-01-15T17:30:58 IST" name="testClickJavaTab" finished-at="2024-01-15T17:31:02 IST" duration-ms="4168" status="PASS">
          <reporter-output>
          </reporter-output>
        </test-method> <!-- testClickJavaTab -->
        <test-method is-config="true" signature="tearDownDriver()[pri:0, instance:testcase.TestCaseW3school@76505305]" started-at="2024-01-15T17:31:02 IST" name="tearDownDriver" finished-at="2024-01-15T17:31:03 IST" duration-ms="819" status="PASS">
          <reporter-output>
          </reporter-output>
        </test-method> <!-- tearDownDriver -->
        <test-method is-config="true" signature="setup()[pri:0, instance:testcase.TestCaseW3school@76505305]" started-at="2024-01-15T17:31:03 IST" name="setup" finished-at="2024-01-15T17:31:05 IST" duration-ms="2141" status="PASS">
          <reporter-output>
          </reporter-output>
        </test-method> <!-- setup -->
        <test-method signature="testClickTutorialLink()[pri:3, instance:testcase.TestCaseW3school@76505305]" started-at="2024-01-15T17:31:05 IST" name="testClickTutorialLink" finished-at="2024-01-15T17:31:09 IST" duration-ms="3659" status="PASS">
          <reporter-output>
          </reporter-output>
        </test-method> <!-- testClickTutorialLink -->
        <test-method is-config="true" signature="tearDownDriver()[pri:0, instance:testcase.TestCaseW3school@76505305]" started-at="2024-01-15T17:31:09 IST" name="tearDownDriver" finished-at="2024-01-15T17:31:09 IST" duration-ms="773" status="PASS">
          <reporter-output>
          </reporter-output>
        </test-method> <!-- tearDownDriver -->
        <test-method is-config="true" signature="setup()[pri:0, instance:testcase.TestCaseW3school@76505305]" started-at="2024-01-15T17:31:09 IST" name="setup" finished-at="2024-01-15T17:31:11 IST" duration-ms="1908" status="PASS">
          <reporter-output>
          </reporter-output>
        </test-method> <!-- setup -->
        <test-method signature="testCLickHomeCtaOnJavaPage()[pri:4, instance:testcase.TestCaseW3school@76505305]" started-at="2024-01-15T17:31:11 IST" name="testCLickHomeCtaOnJavaPage" finished-at="2024-01-15T17:31:16 IST" duration-ms="4899" status="PASS">
          <reporter-output>
          </reporter-output>
        </test-method> <!-- testCLickHomeCtaOnJavaPage -->
        <test-method is-config="true" signature="tearDownDriver()[pri:0, instance:testcase.TestCaseW3school@76505305]" started-at="2024-01-15T17:31:16 IST" name="tearDownDriver" finished-at="2024-01-15T17:31:17 IST" duration-ms="812" status="PASS">
          <reporter-output>
          </reporter-output>
        </test-method> <!-- tearDownDriver -->
        <test-method is-config="true" signature="setup()[pri:0, instance:testcase.TestCaseW3school@76505305]" started-at="2024-01-15T17:31:17 IST" name="setup" finished-at="2024-01-15T17:31:19 IST" duration-ms="2083" status="PASS">
          <reporter-output>
          </reporter-output>
        </test-method> <!-- setup -->
        <test-method signature="gorestApiGetToken()[pri:5, instance:testcase.TestCaseW3school@76505305]" started-at="2024-01-15T17:31:19 IST" name="gorestApiGetToken" finished-at="2024-01-15T17:31:25 IST" duration-ms="6286" status="PASS">
          <reporter-output>
          </reporter-output>
        </test-method> <!-- gorestApiGetToken -->
        <test-method is-config="true" signature="tearDownDriver()[pri:0, instance:testcase.TestCaseW3school@76505305]" started-at="2024-01-15T17:31:25 IST" name="tearDownDriver" finished-at="2024-01-15T17:31:26 IST" duration-ms="794" status="PASS">
          <reporter-output>
          </reporter-output>
        </test-method> <!-- tearDownDriver -->
      </class> <!-- testcase.TestCaseW3school -->
      <class name="testcase.TestReqresApi">
        <test-method is-config="true" signature="setup()[pri:0, instance:testcase.TestReqresApi@38425407]" started-at="2024-01-15T17:31:30 IST" name="setup" finished-at="2024-01-15T17:31:32 IST" duration-ms="1933" status="PASS">
          <reporter-output>
          </reporter-output>
        </test-method> <!-- setup -->
        <test-method signature="requresHomePage()[pri:1, instance:testcase.TestReqresApi@38425407]" started-at="2024-01-15T17:31:32 IST" name="requresHomePage" finished-at="2024-01-15T17:31:35 IST" duration-ms="3750" status="PASS">
          <reporter-output>
          </reporter-output>
        </test-method> <!-- requresHomePage -->
        <test-method is-config="true" signature="tearDownDriver()[pri:0, instance:testcase.TestReqresApi@38425407]" started-at="2024-01-15T17:31:35 IST" name="tearDownDriver" finished-at="2024-01-15T17:31:36 IST" duration-ms="968" status="PASS">
          <reporter-output>
          </reporter-output>
        </test-method> <!-- tearDownDriver -->
        <test-method is-config="true" signature="setup()[pri:0, instance:testcase.TestReqresApi@38425407]" started-at="2024-01-15T17:31:36 IST" name="setup" finished-at="2024-01-15T17:31:39 IST" duration-ms="2188" status="PASS">
          <reporter-output>
          </reporter-output>
        </test-method> <!-- setup -->
        <test-method signature="fetchListUsersUrl()[pri:2, instance:testcase.TestReqresApi@38425407]" started-at="2024-01-15T17:31:39 IST" name="fetchListUsersUrl" finished-at="2024-01-15T17:31:42 IST" duration-ms="3639" status="PASS">
          <reporter-output>
          </reporter-output>
        </test-method> <!-- fetchListUsersUrl -->
        <test-method is-config="true" signature="tearDownDriver()[pri:0, instance:testcase.TestReqresApi@38425407]" started-at="2024-01-15T17:31:42 IST" name="tearDownDriver" finished-at="2024-01-15T17:31:43 IST" duration-ms="865" status="PASS">
          <reporter-output>
          </reporter-output>
        </test-method> <!-- tearDownDriver -->
        <test-method is-config="true" signature="setup()[pri:0, instance:testcase.TestReqresApi@38425407]" started-at="2024-01-15T17:31:43 IST" name="setup" finished-at="2024-01-15T17:31:45 IST" duration-ms="2112" status="PASS">
          <reporter-output>
          </reporter-output>
        </test-method> <!-- setup -->
        <test-method signature="testReqresListUsers()[pri:3, instance:testcase.TestReqresApi@38425407]" started-at="2024-01-15T17:31:45 IST" name="testReqresListUsers" finished-at="2024-01-15T17:31:45 IST" duration-ms="109" status="PASS">
          <reporter-output>
          </reporter-output>
        </test-method> <!-- testReqresListUsers -->
        <test-method is-config="true" signature="tearDownDriver()[pri:0, instance:testcase.TestReqresApi@38425407]" started-at="2024-01-15T17:31:45 IST" name="tearDownDriver" finished-at="2024-01-15T17:31:47 IST" duration-ms="1708" status="PASS">
          <reporter-output>
          </reporter-output>
        </test-method> <!-- tearDownDriver -->
      </class> <!-- testcase.TestReqresApi -->
    </test> <!-- Test -->
  </suite> <!-- Suite -->
</testng-results>
