<?xml version="1.0" encoding="UTF-8"?>
<testng-results ignored="0" total="4" passed="4" failed="0" skipped="0">
  <reporter-output>
  </reporter-output>
  <suite started-at="2024-01-17T19:10:01 IST" name="Default suite" finished-at="2024-01-17T19:10:26 IST" duration-ms="25546">
    <groups>
    </groups>
    <test started-at="2024-01-17T19:10:01 IST" name="Default test" finished-at="2024-01-17T19:10:26 IST" duration-ms="25546">
      <class name="testcase.TestReqresApi">
        <test-method is-config="true" signature="setup()[pri:0, instance:testcase.TestReqresApi@510f3d34]" started-at="2024-01-17T19:10:01 IST" name="setup" finished-at="2024-01-17T19:10:05 IST" duration-ms="4382" status="PASS">
          <reporter-output>
          </reporter-output>
        </test-method> <!-- setup -->
        <test-method is-config="true" signature="beforeEachMethod()[pri:0, instance:testcase.TestReqresApi@510f3d34]" started-at="2024-01-17T19:10:05 IST" name="beforeEachMethod" finished-at="2024-01-17T19:10:05 IST" duration-ms="2" status="PASS">
          <reporter-output>
          </reporter-output>
        </test-method> <!-- beforeEachMethod -->
        <test-method signature="requresHomePage()[pri:1, instance:testcase.TestReqresApi@510f3d34]" started-at="2024-01-17T19:10:05 IST" name="requresHomePage" finished-at="2024-01-17T19:10:08 IST" duration-ms="3404" status="PASS">
          <reporter-output>
          </reporter-output>
        </test-method> <!-- requresHomePage -->
        <test-method is-config="true" signature="afterEachMethod()[pri:0, instance:testcase.TestReqresApi@510f3d34]" started-at="2024-01-17T19:10:08 IST" name="afterEachMethod" finished-at="2024-01-17T19:10:08 IST" duration-ms="3" status="PASS">
          <reporter-output>
          </reporter-output>
        </test-method> <!-- afterEachMethod -->
        <test-method is-config="true" signature="tearDownDriver()[pri:0, instance:testcase.TestReqresApi@510f3d34]" started-at="2024-01-17T19:10:08 IST" name="tearDownDriver" finished-at="2024-01-17T19:10:09 IST" duration-ms="977" status="PASS">
          <reporter-output>
          </reporter-output>
        </test-method> <!-- tearDownDriver -->
        <test-method is-config="true" signature="setup()[pri:0, instance:testcase.TestReqresApi@510f3d34]" started-at="2024-01-17T19:10:09 IST" name="setup" finished-at="2024-01-17T19:10:11 IST" duration-ms="2147" status="PASS">
          <reporter-output>
          </reporter-output>
        </test-method> <!-- setup -->
        <test-method is-config="true" signature="beforeEachMethod()[pri:0, instance:testcase.TestReqresApi@510f3d34]" started-at="2024-01-17T19:10:11 IST" name="beforeEachMethod" finished-at="2024-01-17T19:10:11 IST" duration-ms="0" status="PASS">
          <reporter-output>
          </reporter-output>
        </test-method> <!-- beforeEachMethod -->
        <test-method signature="fetchListUsersUrl()[pri:2, instance:testcase.TestReqresApi@510f3d34]" started-at="2024-01-17T19:10:11 IST" name="fetchListUsersUrl" finished-at="2024-01-17T19:10:14 IST" duration-ms="2953" status="PASS">
          <reporter-output>
          </reporter-output>
        </test-method> <!-- fetchListUsersUrl -->
        <test-method is-config="true" signature="afterEachMethod()[pri:0, instance:testcase.TestReqresApi@510f3d34]" started-at="2024-01-17T19:10:14 IST" name="afterEachMethod" finished-at="2024-01-17T19:10:14 IST" duration-ms="1" status="PASS">
          <reporter-output>
          </reporter-output>
        </test-method> <!-- afterEachMethod -->
        <test-method is-config="true" signature="tearDownDriver()[pri:0, instance:testcase.TestReqresApi@510f3d34]" started-at="2024-01-17T19:10:14 IST" name="tearDownDriver" finished-at="2024-01-17T19:10:15 IST" duration-ms="979" status="PASS">
          <reporter-output>
          </reporter-output>
        </test-method> <!-- tearDownDriver -->
        <test-method is-config="true" signature="setup()[pri:0, instance:testcase.TestReqresApi@510f3d34]" started-at="2024-01-17T19:10:15 IST" name="setup" finished-at="2024-01-17T19:10:17 IST" duration-ms="2037" status="PASS">
          <reporter-output>
          </reporter-output>
        </test-method> <!-- setup -->
        <test-method is-config="true" signature="beforeEachMethod()[pri:0, instance:testcase.TestReqresApi@510f3d34]" started-at="2024-01-17T19:10:17 IST" name="beforeEachMethod" finished-at="2024-01-17T19:10:17 IST" duration-ms="1" status="PASS">
          <reporter-output>
          </reporter-output>
        </test-method> <!-- beforeEachMethod -->
        <test-method signature="testReqresListUsers()[pri:3, instance:testcase.TestReqresApi@510f3d34]" started-at="2024-01-17T19:10:17 IST" name="testReqresListUsers" finished-at="2024-01-17T19:10:18 IST" duration-ms="987" status="PASS">
          <reporter-output>
          </reporter-output>
        </test-method> <!-- testReqresListUsers -->
        <test-method is-config="true" signature="afterEachMethod()[pri:0, instance:testcase.TestReqresApi@510f3d34]" started-at="2024-01-17T19:10:18 IST" name="afterEachMethod" finished-at="2024-01-17T19:10:18 IST" duration-ms="0" status="PASS">
          <reporter-output>
          </reporter-output>
        </test-method> <!-- afterEachMethod -->
        <test-method is-config="true" signature="tearDownDriver()[pri:0, instance:testcase.TestReqresApi@510f3d34]" started-at="2024-01-17T19:10:18 IST" name="tearDownDriver" finished-at="2024-01-17T19:10:19 IST" duration-ms="624" status="PASS">
          <reporter-output>
          </reporter-output>
        </test-method> <!-- tearDownDriver -->
        <test-method is-config="true" signature="setup()[pri:0, instance:testcase.TestReqresApi@510f3d34]" started-at="2024-01-17T19:10:19 IST" name="setup" finished-at="2024-01-17T19:10:21 IST" duration-ms="1918" status="PASS">
          <reporter-output>
          </reporter-output>
        </test-method> <!-- setup -->
        <test-method signature="testCreateUser()[pri:4, instance:testcase.TestReqresApi@510f3d34]" started-at="2024-01-17T19:10:21 IST" name="testCreateUser" finished-at="2024-01-17T19:10:25 IST" duration-ms="4021" status="PASS">
          <reporter-output>
          </reporter-output>
        </test-method> <!-- testCreateUser -->
        <test-method is-config="true" signature="beforeEachMethod()[pri:0, instance:testcase.TestReqresApi@510f3d34]" started-at="2024-01-17T19:10:21 IST" name="beforeEachMethod" finished-at="2024-01-17T19:10:21 IST" duration-ms="0" status="PASS">
          <reporter-output>
          </reporter-output>
        </test-method> <!-- beforeEachMethod -->
        <test-method is-config="true" signature="afterEachMethod()[pri:0, instance:testcase.TestReqresApi@510f3d34]" started-at="2024-01-17T19:10:25 IST" name="afterEachMethod" finished-at="2024-01-17T19:10:25 IST" duration-ms="0" status="PASS">
          <reporter-output>
          </reporter-output>
        </test-method> <!-- afterEachMethod -->
        <test-method is-config="true" signature="tearDownDriver()[pri:0, instance:testcase.TestReqresApi@510f3d34]" started-at="2024-01-17T19:10:25 IST" name="tearDownDriver" finished-at="2024-01-17T19:10:26 IST" duration-ms="1053" status="PASS">
          <reporter-output>
          </reporter-output>
        </test-method> <!-- tearDownDriver -->
      </class> <!-- testcase.TestReqresApi -->
    </test> <!-- Default test -->
  </suite> <!-- Default suite -->
</testng-results>
