<?xml version="1.0" encoding="UTF-8"?>
<testng-results ignored="0" total="3" passed="3" failed="0" skipped="0">
  <reporter-output>
  </reporter-output>
  <suite started-at="2024-01-13T22:07:00 IST" name="Default suite" finished-at="2024-01-13T22:07:18 IST" duration-ms="18777">
    <groups>
    </groups>
    <test started-at="2024-01-13T22:07:00 IST" name="Default test" finished-at="2024-01-13T22:07:18 IST" duration-ms="18777">
      <class name="testcase.TestReqresApi">
        <test-method is-config="true" signature="setup()[pri:0, instance:testcase.TestReqresApi@65e98b1c]" started-at="2024-01-13T22:07:00 IST" name="setup" finished-at="2024-01-13T22:07:03 IST" duration-ms="3177" status="PASS">
          <reporter-output>
          </reporter-output>
        </test-method> <!-- setup -->
        <test-method signature="requresHomePage()[pri:1, instance:testcase.TestReqresApi@65e98b1c]" started-at="2024-01-13T22:07:03 IST" name="requresHomePage" finished-at="2024-01-13T22:07:06 IST" duration-ms="3497" status="PASS">
          <reporter-output>
          </reporter-output>
        </test-method> <!-- requresHomePage -->
        <test-method is-config="true" signature="tearDownDriver()[pri:0, instance:testcase.TestReqresApi@65e98b1c]" started-at="2024-01-13T22:07:06 IST" name="tearDownDriver" finished-at="2024-01-13T22:07:07 IST" duration-ms="949" status="PASS">
          <reporter-output>
          </reporter-output>
        </test-method> <!-- tearDownDriver -->
        <test-method is-config="true" signature="setup()[pri:0, instance:testcase.TestReqresApi@65e98b1c]" started-at="2024-01-13T22:07:07 IST" name="setup" finished-at="2024-01-13T22:07:09 IST" duration-ms="1894" status="PASS">
          <reporter-output>
          </reporter-output>
        </test-method> <!-- setup -->
        <test-method signature="fetchListUsersUrl()[pri:2, instance:testcase.TestReqresApi@65e98b1c]" started-at="2024-01-13T22:07:09 IST" name="fetchListUsersUrl" finished-at="2024-01-13T22:07:13 IST" duration-ms="4308" status="PASS">
          <reporter-output>
          </reporter-output>
        </test-method> <!-- fetchListUsersUrl -->
        <test-method is-config="true" signature="tearDownDriver()[pri:0, instance:testcase.TestReqresApi@65e98b1c]" started-at="2024-01-13T22:07:13 IST" name="tearDownDriver" finished-at="2024-01-13T22:07:14 IST" duration-ms="936" status="PASS">
          <reporter-output>
          </reporter-output>
        </test-method> <!-- tearDownDriver -->
        <test-method is-config="true" signature="setup()[pri:0, instance:testcase.TestReqresApi@65e98b1c]" started-at="2024-01-13T22:07:14 IST" name="setup" finished-at="2024-01-13T22:07:16 IST" duration-ms="2028" status="PASS">
          <reporter-output>
          </reporter-output>
        </test-method> <!-- setup -->
        <test-method signature="testReqresListUsers()[pri:3, instance:testcase.TestReqresApi@65e98b1c]" started-at="2024-01-13T22:07:16 IST" name="testReqresListUsers" finished-at="2024-01-13T22:07:18 IST" duration-ms="1296" status="PASS">
          <reporter-output>
          </reporter-output>
        </test-method> <!-- testReqresListUsers -->
        <test-method is-config="true" signature="tearDownDriver()[pri:0, instance:testcase.TestReqresApi@65e98b1c]" started-at="2024-01-13T22:07:18 IST" name="tearDownDriver" finished-at="2024-01-13T22:07:18 IST" duration-ms="652" status="PASS">
          <reporter-output>
          </reporter-output>
        </test-method> <!-- tearDownDriver -->
      </class> <!-- testcase.TestReqresApi -->
    </test> <!-- Default test -->
  </suite> <!-- Default suite -->
</testng-results>
